#-----------------------------------------------------------
# Vivado v2018.3 (64-bit)
# SW Build 2405991 on Thu Dec  6 23:38:27 MST 2018
# IP Build 2404404 on Fri Dec  7 01:43:56 MST 2018
# Start of session at: Fri Jul 31 20:38:00 2020
# Process ID: 19020
# Current directory: E:/summer_homework/Lab_10
# Command line: vivado.exe -gui_launcher_event rodinguilauncherevent20656 E:\summer_homework\Lab_10\Lab_10.xpr
# Log file: E:/summer_homework/Lab_10/vivado.log
# Journal file: E:/summer_homework/Lab_10\vivado.jou
#-----------------------------------------------------------
start_gui
open_project E:/summer_homework/Lab_10/Lab_10.xpr
CRITICAL WARNING: [Project 1-19] Could not find the file 'E:/summer_homework/Lab_10/TestBench_behav.wcfg'.
Scanning sources...
Finished scanning sources
INFO: [IP_Flow 19-234] Refreshing IP repositories
INFO: [IP_Flow 19-1700] Loaded user IP repository 'e:/summer_homework/FPGA-IP/RGB2Stream-IP'.
INFO: [IP_Flow 19-1700] Loaded user IP repository 'e:/summer_homework/IP_Core/HDMI-IP/IP'.
INFO: [IP_Flow 19-1700] Loaded user IP repository 'c:/Users/³ÂË¼çù/Documents/Tencent Files/215008496/FileRecv/Experiment-of-SEA/Experiment-of-SEA/IP_Core/HDMI-IP/IP/RGB2DVI_IP'.
INFO: [IP_Flow 19-1700] Loaded user IP repository 'e:/summer_homework/IP_Core/Frequency-Divider-IP'.
INFO: [IP_Flow 19-2313] Loaded Vivado IP repository 'D:/Xilinx/Vivado/2018.3/data/ip'.
open_project: Time (s): cpu = 00:00:30 ; elapsed = 00:00:18 . Memory (MB): peak = 746.359 ; gain = 153.770
update_compile_order -fileset sources_1
export_ip_user_files -of_objects  [get_files E:/summer_homework/Lab_10/Lab_10.srcs/sim_1/new/TestBench.v] -no_script -reset -force -quiet
remove_files  -fileset sim_1 E:/summer_homework/Lab_10/Lab_10.srcs/sim_1/new/TestBench.v
export_ip_user_files -of_objects  [get_files E:/summer_homework/Lab_10/Lab_10.srcs/sources_1/new/judge.v] -no_script -reset -force -quiet
remove_files  E:/summer_homework/Lab_10/Lab_10.srcs/sources_1/new/judge.v
export_ip_user_files -of_objects  [get_files E:/summer_homework/Lab_10/Lab_10.srcs/sources_1/new/number.v] -no_script -reset -force -quiet
remove_files  E:/summer_homework/Lab_10/Lab_10.srcs/sources_1/new/number.v
set_property top Lab_10 [get_filesets sim_1]
exit
INFO: [Common 17-206] Exiting Vivado at Fri Jul 31 20:40:38 2020...
