#-----------------------------------------------------------
# Vivado v2018.3 (64-bit)
# SW Build 2405991 on Thu Dec  6 23:38:27 MST 2018
# IP Build 2404404 on Fri Dec  7 01:43:56 MST 2018
# Start of session at: Fri Jul 31 20:40:44 2020
# Process ID: 3496
# Current directory: E:/summer_homework/Lab_10
# Command line: vivado.exe -gui_launcher_event rodinguilauncherevent17248 E:\summer_homework\Lab_10\Lab_10.xpr
# Log file: E:/summer_homework/Lab_10/vivado.log
# Journal file: E:/summer_homework/Lab_10\vivado.jou
#-----------------------------------------------------------
start_gui
open_project E:/summer_homework/Lab_10/Lab_10.xpr
CRITICAL WARNING: [Project 1-19] Could not find the file 'E:/summer_homework/Lab_10/TestBench_behav.wcfg'.
Scanning sources...
Finished scanning sources
INFO: [IP_Flow 19-234] Refreshing IP repositories
INFO: [IP_Flow 19-1700] Loaded user IP repository 'e:/summer_homework/FPGA-IP/RGB2Stream-IP'.
INFO: [IP_Flow 19-1700] Loaded user IP repository 'e:/summer_homework/IP_Core/HDMI-IP/IP'.
INFO: [IP_Flow 19-1700] Loaded user IP repository 'c:/Users/³ÂË¼çù/Documents/Tencent Files/215008496/FileRecv/Experiment-of-SEA/Experiment-of-SEA/IP_Core/HDMI-IP/IP/RGB2DVI_IP'.
INFO: [IP_Flow 19-1700] Loaded user IP repository 'e:/summer_homework/IP_Core/Frequency-Divider-IP'.
INFO: [IP_Flow 19-2313] Loaded Vivado IP repository 'D:/Xilinx/Vivado/2018.3/data/ip'.
open_project: Time (s): cpu = 00:00:40 ; elapsed = 00:00:21 . Memory (MB): peak = 901.383 ; gain = 71.898
update_compile_order -fileset sources_1
export_ip_user_files -of_objects  [get_files E:/summer_homework/Lab_10/Lab_10.srcs/sources_1/ip/Clk_Division_0/Clk_Division_0.xci] -no_script -reset -force -quiet
remove_files  -fileset Clk_Division_0 E:/summer_homework/Lab_10/Lab_10.srcs/sources_1/ip/Clk_Division_0/Clk_Division_0.xci
INFO: [Project 1-386] Moving file 'E:/summer_homework/Lab_10/Lab_10.srcs/sources_1/ip/Clk_Division_0/Clk_Division_0.xci' from fileset 'Clk_Division_0' to fileset 'sources_1'.
reset_run impl_1 -prev_step 
launch_runs impl_1 -to_step write_bitstream -jobs 2
[Fri Jul 31 20:42:51 2020] Launched impl_1...
Run output will be captured here: E:/summer_homework/Lab_10/Lab_10.runs/impl_1/runme.log
exit
INFO: [Common 17-206] Exiting Vivado at Fri Jul 31 20:44:23 2020...
